0 info it worked if it ends with ok
1 verbose cli [ 'C:\\Program Files\\nodejs\\node.exe',
1 verbose cli   'C:\\Program Files\\nodejs\\node_modules\\npm\\bin\\npm-cli.js',
1 verbose cli   'run',
1 verbose cli   'start' ]
2 info using npm@3.10.10
3 info using node@v6.9.4
4 verbose run-script [ 'prestart', 'start', 'poststart' ]
5 info lifecycle progarchivesscrap@1.0.0~prestart: progarchivesscrap@1.0.0
6 silly lifecycle progarchivesscrap@1.0.0~prestart: no script for prestart, continuing
7 info lifecycle progarchivesscrap@1.0.0~start: progarchivesscrap@1.0.0
8 verbose lifecycle progarchivesscrap@1.0.0~start: unsafe-perm in lifecycle true
9 verbose lifecycle progarchivesscrap@1.0.0~start: PATH: C:\Program Files\nodejs\node_modules\npm\bin\node-gyp-bin;C:\Projects\backend\node\DataProging\node_modules\.bin;%SystemRoot%\system32\WindowsPowerShell\v1.0\;C:\ProgramData\Oracle\Java\javapath;C:\Informatica\9.1.0\DataTransformation\bin;C:\Informatica\9.1.0\clients\tools\datadirect;C:\Informatica\9.1.0\clients\DeveloperClient\bin;C:\Informatica\9.1.0\clients\java\jre\bin\server;C:\Sybase\DBISQL\bin;C:\Sybase\shared\Sybase Central 6.0.0\win32;C:\Sybase\IQ-15_3\bin32;C:\Program Files (x86)\Common Files\Fujitsu\COBOL;C:\Windows\system32;C:\Windows;C:\Windows\System32\Wbem;C:\Windows\System32\WindowsPowerShell\v1.0\;C:\Program Files\Microsoft SQL Server\100\DTS\Binn\;C:\Program Files (x86)\Microsoft SQL Server\100\Tools\Binn\VSShell\Common7\IDE\;C:\Program Files (x86)\Microsoft SQL Server\100\Tools\Binn\;C:\Program Files\Microsoft SQL Server\100\Tools\Binn\;C:\Program Files (x86)\Microsoft SQL Server\100\DTS\Binn\;C:\Program Files\Microsoft SQL Server\110\DTS\Binn\;C:\Program Files (x86)\Microsoft SQL Server\110\Tools\Binn\ManagementStudio\;C:\Program Files (x86)\Microsoft SQL Server\110\Tools\Binn\;C:\Program Files\Microsoft SQL Server\110\Tools\Binn\;C:\Program Files (x86)\Microsoft SQL Server\110\DTS\Binn\;c:\Program Files (x86)\Microsoft SQL Server\90\Tools\binn\;C:\Program Files (x86)\IBM\Client Access\Emulator;C:\Program Files (x86)\IBM\Client Access\Shared;C:\Program Files (x86)\IBM\Client Access\;C:\FNDNT\bin;C:\FNDNT\help;C:\FNDNT\dsgn\datadll;C:\FNDNT\dsgn\codedll;C:\FNDNT\dsgn;c:\FNDNT\UTILS;C:\FNDNT\OBjREXX;C:\Program Files (x86)\Common Files\Fujitsu\COBOL\;C:\Program Files\Microsoft SQL Server\120\DTS\Binn\;C:\Program Files\Microsoft SQL Server\Client SDK\ODBC\110\Tools\Binn\;C:\Program Files (x86)\Microsoft SQL Server\120\Tools\Binn\ManagementStudio\;C:\Program Files (x86)\Microsoft SQL Server\120\Tools\Binn\;C:\Program Files\Microsoft SQL Server\120\Tools\Binn\;C:\Program Files (x86)\Microsoft SQL Server\120\DTS\Binn\;C:\Program Files (x86)\IBM\Personal Communications\;C:\Program Files (x86)\IBM\Trace Facility\;C:\Program Files\Microsoft SQL Server\130\Tools\Binn\;C:\Program Files\dotnet\;C:\Program Files\Git\cmd;C:\Program Files (x86)\Windows Kits\10\Windows Performance Toolkit\;C:\Program Files\nodejs\;;C:\Program Files (x86)\Microsoft VS Code\bin;C:\Users\x89103\AppData\Roaming\npm;C:\Program Files\Heroku\bin;C:\Users\x89103\AppData\Local\Programs\Python\Python36-32;C:\phantomjs-2.1.1-windows\bin;
10 verbose lifecycle progarchivesscrap@1.0.0~start: CWD: C:\Projects\backend\node\DataProging
11 silly lifecycle progarchivesscrap@1.0.0~start: Args: [ '/d /s /c', 'casperjs getBands.js' ]
12 silly lifecycle progarchivesscrap@1.0.0~start: Returned: code: 2  signal: null
13 info lifecycle progarchivesscrap@1.0.0~start: Failed to exec start script
14 verbose stack Error: progarchivesscrap@1.0.0 start: `casperjs getBands.js`
14 verbose stack Exit status 2
14 verbose stack     at EventEmitter.<anonymous> (C:\Program Files\nodejs\node_modules\npm\lib\utils\lifecycle.js:255:16)
14 verbose stack     at emitTwo (events.js:106:13)
14 verbose stack     at EventEmitter.emit (events.js:191:7)
14 verbose stack     at ChildProcess.<anonymous> (C:\Program Files\nodejs\node_modules\npm\lib\utils\spawn.js:40:14)
14 verbose stack     at emitTwo (events.js:106:13)
14 verbose stack     at ChildProcess.emit (events.js:191:7)
14 verbose stack     at maybeClose (internal/child_process.js:877:16)
14 verbose stack     at Process.ChildProcess._handle.onexit (internal/child_process.js:226:5)
15 verbose pkgid progarchivesscrap@1.0.0
16 verbose cwd C:\Projects\backend\node\DataProging
17 error Windows_NT 6.1.7601
18 error argv "C:\\Program Files\\nodejs\\node.exe" "C:\\Program Files\\nodejs\\node_modules\\npm\\bin\\npm-cli.js" "run" "start"
19 error node v6.9.4
20 error npm  v3.10.10
21 error code ELIFECYCLE
22 error progarchivesscrap@1.0.0 start: `casperjs getBands.js`
22 error Exit status 2
23 error Failed at the progarchivesscrap@1.0.0 start script 'casperjs getBands.js'.
23 error Make sure you have the latest version of node.js and npm installed.
23 error If you do, this is most likely a problem with the progarchivesscrap package,
23 error not with npm itself.
23 error Tell the author that this fails on your system:
23 error     casperjs getBands.js
23 error You can get information on how to open an issue for this project with:
23 error     npm bugs progarchivesscrap
23 error Or if that isn't available, you can get their info via:
23 error     npm owner ls progarchivesscrap
23 error There is likely additional logging output above.
24 verbose exit [ 1, true ]
